{"timestamp":"2023-12-10T08:11:01.000Z","method":"GET","url":"/comments","status_code":"404","response_time":"2.308","content_length":""}
{"timestamp":"2023-12-10T08:11:10.000Z","method":"GET","url":"/comments","status_code":"404","response_time":"1.250","content_length":""}
{"timestamp":"2023-12-10T08:11:12.000Z","method":"GET","url":"/comments","status_code":"404","response_time":"1.007","content_length":""}
{"timestamp":"2023-12-10T08:58:58.000Z","method":"GET","url":"/comments","status_code":"404","response_time":"400.773","content_length":""}
{"timestamp":"2023-12-10T09:07:03.000Z","method":"GET","url":"/comments","status_code":"404","response_time":"0.561","content_length":""}
{"timestamp":"2023-12-10T09:10:13.000Z","method":"GET","url":"/comments","status_code":"404","response_time":"0.657","content_length":""}
{"timestamp":"2023-12-10T09:10:16.000Z","method":"GET","url":"/comments","status_code":"404","response_time":"0.489","content_length":""}
{"timestamp":"2023-12-10T09:10:19.000Z","method":"GET","url":"/comments","status_code":"404","response_time":"0.585","content_length":""}
{"timestamp":"2023-12-10T09:10:28.000Z","method":"GET","url":"/comments","status_code":"404","response_time":"0.909","content_length":""}
{"timestamp":"2023-12-10T09:10:30.000Z","method":"GET","url":"/comments","status_code":"404","response_time":"0.763","content_length":""}
{"timestamp":"2023-12-10T09:10:43.000Z","method":"GET","url":"/comments","status_code":"404","response_time":"0.573","content_length":""}
{"timestamp":"2023-12-10T09:10:55.000Z","method":"GET","url":"/comments","status_code":"404","response_time":"0.923","content_length":""}
{"timestamp":"2023-12-10T09:16:26.000Z","method":"GET","url":"/comments","status_code":"404","response_time":"0.905","content_length":""}
{"timestamp":"2023-12-10T09:22:47.000Z","method":"GET","url":"/comments","status_code":"404","response_time":"0.419","content_length":""}
{"timestamp":"2023-12-10T09:23:33.000Z","method":"GET","url":"/comments","status_code":"404","response_time":"0.645","content_length":""}
{"timestamp":"2023-12-10T09:23:47.000Z","method":"GET","url":"/comments","status_code":"404","response_time":"0.410","content_length":""}
{"timestamp":"2023-12-10T09:24:04.000Z","method":"GET","url":"/comments","status_code":"404","response_time":"0.300","content_length":""}
{"timestamp":"2023-12-10T09:24:10.000Z","method":"GET","url":"/comments","status_code":"404","response_time":"0.425","content_length":""}
{"timestamp":"2023-12-10T09:41:49.000Z","method":"POST","url":"/login","status_code":"200","response_time":"243.376","content_length":"{\"username\":\"manan\",\"password\":\"manan\"}"}
{"timestamp":"2023-12-10T09:41:49.000Z","method":"GET","url":"/posts?category=","status_code":"304","response_time":"158.894","content_length":""}
{"timestamp":"2023-12-10T09:41:49.000Z","method":"GET","url":"/file/1702199683954-blog-bannerghatta-national-park-safari2.avif","status_code":"200","response_time":"307.517","content_length":""}
{"timestamp":"2023-12-10T09:41:49.000Z","method":"GET","url":"/file/1702200220995-blog-24bgchurchstreet.jpeg","status_code":"200","response_time":"332.200","content_length":""}
{"timestamp":"2023-12-11T05:51:12.000Z","method":"POST","url":"/login","status_code":"200","response_time":"433.669","content_length":"{\"username\":\"pratham\",\"password\":\"pratham\"}"}
{"timestamp":"2023-12-11T05:51:12.000Z","method":"GET","url":"/posts?category=","status_code":"304","response_time":"80.024","content_length":""}
{"timestamp":"2023-12-11T05:51:13.000Z","method":"GET","url":"/file/1702199683954-blog-bannerghatta-national-park-safari2.avif","status_code":"200","response_time":"461.949","content_length":""}
{"timestamp":"2023-12-11T05:51:13.000Z","method":"GET","url":"/file/1702200220995-blog-24bgchurchstreet.jpeg","status_code":"200","response_time":"559.374","content_length":""}
{"timestamp":"2023-12-11T05:51:23.000Z","method":"GET","url":"/posts?category=","status_code":"304","response_time":"76.609","content_length":""}
{"timestamp":"2023-12-11T05:52:34.000Z","method":"POST","url":"/create","status_code":"200","response_time":"514.133","content_length":"{\"title\":\"DELHI\",\"description\":\"Delhi is the capital city of India with a lot of different sites to visit and enjoy.\",\"picture\":\"\",\"username\":\"pratham\",\"categories\":\"All\",\"createdDate\":\"2023-12-11T05:51:03.889Z\"}"}
