info: Login successful {"body":{"password":"rishi","username":"rishi"},"method":"POST","path":"/login","timestamp":"2023-12-06T20:00:51.292Z"}
info: authenticate token success
info: Posts get successful
info: File get success
info: authenticate token success
info: Posts get successful
info: Login successful {"body":{"password":"manan","username":"manan"},"method":"POST","path":"/login","timestamp":"2023-12-06T20:01:53.858Z"}
info: authenticate token success
info: Posts get successful
info: Login successful {"body":{"password":"rishi","username":"rishi"},"method":"POST","path":"/login","timestamp":"2023-12-06T20:02:25.544Z"}
info: authenticate token success
info: Posts get successful
info: File get success
info: authenticate token success
info: Posts get successful
info: authenticate token success
info: Posts get successful
info: authenticate token success
info: Posts get successful
info: Login successful {"body":{"password":"rishi","username":"rishi"},"method":"POST","path":"/login","timestamp":"2023-12-06T20:04:01.453Z"}
info: authenticate token success
info: Posts get successful
info: File get success
info: Login successful {"body":{"password":"pratham","username":"pratham"},"method":"POST","path":"/login","timestamp":"2023-12-08T15:53:23.339Z"}
info: Authenticate token success {"headers":{"accept":"application/json, text/plain, */*","accept-encoding":"gzip, deflate, br","accept-language":"en-US,en","authorization":"Bearer eyJhbGciOiJIUzI1NiIsInR5cCI6IkpXVCJ9.eyJfaWQiOiI2NTcwYTVhMmViOWM1Mzg3OGMwZTgzNGIiLCJuYW1lIjoicHJhdGhhbSIsInVzZXJuYW1lIjoicHJhdGhhbSIsInBhc3N3b3JkIjoiJDJiJDEwJDBrTHZGOUNJOXhxN3RzQjVaZ25TLmV2VlRsaElmSm0zb3MvaTVnc24zQzNIWmFoZkc2NFBxIiwiX192IjowLCJpYXQiOjE3MDIwNTA4MDMsImV4cCI6MTcwMjA1MTcwM30.A1N9mgcGRTeXThACZoC0xWadRfGJjhtM50LDyFz1QdA","connection":"keep-alive","content-type":"application/json","host":"localhost:8000","if-none-match":"W/\"53d-br0Ahk8wC2lNGSSzdwlJiPujCig\"","origin":"http://localhost:3000","referer":"http://localhost:3000/","sec-ch-ua":"\"Not_A Brand\";v=\"8\", \"Chromium\";v=\"120\", \"Brave\";v=\"120\"","sec-ch-ua-mobile":"?0","sec-ch-ua-platform":"\"Linux\"","sec-fetch-dest":"empty","sec-fetch-mode":"cors","sec-fetch-site":"same-site","sec-gpc":"1","user-agent":"Mozilla/5.0 (X11; Linux x86_64) AppleWebKit/537.36 (KHTML, like Gecko) Chrome/120.0.0.0 Safari/537.36"},"method":"GET","path":"/posts","timestamp":"2023-12-08T15:53:23.475Z"}
info: Posts get successful {"method":"GET","path":"/posts","query":{"category":""},"timestamp":"2023-12-08T15:53:23.514Z"}
info: File get success {"method":"GET","params":{"filename":"1701785513935-blog-wallpaperflare.com_wallpaper.jpg"},"path":"/file/1701785513935-blog-wallpaperflare.com_wallpaper.jpg","timestamp":"2023-12-08T15:53:23.576Z"}
